DiagnosticsPlugin.exe Information: 0 : [11/21/2015 1:40:53 AM] Starting DiagnosticPlugin.exe DiagnosticPlugin-ShutdownEvent DiagnosticPlugin-TotalShutdownEvent -wadVer1v4
DiagnosticsPlugin.exe Error: 0 : [11/21/2015 1:40:53 AM] Failed to save IIS Directory state
DiagnosticsPlugin.exe Error: 0 : [11/21/2015 1:40:53 AM] System.UnauthorizedAccessException: Filename: redirection.config
Error: Cannot read configuration file due to insufficient permissions


   at Microsoft.Web.Administration.Interop.IAppHostAdminManager.GetAdminSection(String bstrSectionName, String bstrPath)
   at Microsoft.Web.Administration.Configuration.GetSectionInternal(ConfigurationSection section, String sectionPath, String locationPath)
   at Microsoft.Web.Administration.ServerManager.SitesSectionCreator()
   at Microsoft.Web.Administration.Lazy.Initialize[T](T& target, CreateInstanceDelegate`1 valueFactory)
   at Microsoft.Web.Administration.ServerManager.SitesCollectionCreator()
   at Microsoft.Web.Administration.Lazy.Initialize[T](T& target, CreateInstanceDelegate`1 valueFactory)
   at Microsoft.Azure.Plugins.Plugin.DiagnosticsPluginManager.SaveIISDirectoryState()
DiagnosticsPlugin.exe Information: 0 : [11/21/2015 1:40:53 AM] Starting DiagnosticsPlugin
DiagnosticsPlugin.exe Information: 0 : [11/21/2015 1:40:53 AM] Emulator config file set to C:\Users\akasht\Desktop\CuraeAnalytics\Curae\Curae.Azure\csx\Debug\roles\Curae\approot\diagnostics.wadcfgx
DiagnosticsPlugin.exe Information: 0 : [11/21/2015 1:40:53 AM] DiagnosticsStoreRootPath set to: C:\Users\akasht\AppData\Local\dftmp\Resources\8d45f3c3-00b3-4801-b3bb-2d1780a94eca
DiagnosticsPlugin.exe Information: 0 : [11/21/2015 1:40:53 AM] Loading config file: C:\Users\akasht\Desktop\CuraeAnalytics\Curae\Curae.Azure\csx\Debug\roles\Curae\approot\diagnostics.wadcfgx
DiagnosticsPlugin.exe Information: 0 : [11/21/2015 1:40:53 AM] Checking VM Type
DiagnosticsPlugin.exe Information: 0 : [11/21/2015 1:40:53 AM] Emulator config file set to C:\Users\akasht\Desktop\CuraeAnalytics\Curae\Curae.Azure\csx\Debug\roles\Curae\approot\diagnostics.wadcfgx
DiagnosticsPlugin.exe Information: 0 : [11/21/2015 1:40:53 AM] Extension set to Emulator Mode
DiagnosticsPlugin.exe Information: 0 : [11/21/2015 1:40:53 AM] Reading XML configuration file
DiagnosticsPlugin.exe Information: 0 : [11/21/2015 1:40:53 AM] Bypassing private config decryption
DiagnosticsPlugin.exe Information: 0 : [11/21/2015 1:40:53 AM] WadCfg is provided in initial configuration. Using that to initialize Diagnostics.
DiagnosticsPlugin.exe Information: 0 : [11/21/2015 1:40:53 AM] <PublicConfig xmlns="http://schemas.microsoft.com/ServiceHosting/2010/10/DiagnosticsConfiguration">
  <WadCfg>
    <DiagnosticMonitorConfiguration overallQuotaInMB="4096">
      <DiagnosticInfrastructureLogs scheduledTransferLogLevelFilter="Error" />
      <Logs scheduledTransferPeriod="PT1M" scheduledTransferLogLevelFilter="Error" />
      <Directories scheduledTransferPeriod="PT1M">
        <IISLogs containerName="wad-iis-logfiles" />
        <FailedRequestLogs containerName="wad-failedrequestlogs" />
      </Directories>
      <WindowsEventLog scheduledTransferPeriod="PT1M">
        <DataSource name="Application!*" />
      </WindowsEventLog>
      <CrashDumps containerName="wad-crashdumps" dumpType="Mini">
        <CrashDumpConfiguration processName="WaIISHost.exe" />
        <CrashDumpConfiguration processName="WaWorkerHost.exe" />
        <CrashDumpConfiguration processName="w3wp.exe" />
      </CrashDumps>
      <PerformanceCounters scheduledTransferPeriod="PT1M">
        <PerformanceCounterConfiguration counterSpecifier="\Memory\Available MBytes" sampleRate="PT3M" />
        <PerformanceCounterConfiguration counterSpecifier="\Web Service(_Total)\ISAPI Extension Requests/sec" sampleRate="PT3M" />
        <PerformanceCounterConfiguration counterSpecifier="\Web Service(_Total)\Bytes Total/Sec" sampleRate="PT3M" />
        <PerformanceCounterConfiguration counterSpecifier="\ASP.NET Applications(__Total__)\Requests/Sec" sampleRate="PT3M" />
        <PerformanceCounterConfiguration counterSpecifier="\ASP.NET Applications(__Total__)\Errors Total/Sec" sampleRate="PT3M" />
        <PerformanceCounterConfiguration counterSpecifier="\ASP.NET\Requests Queued" sampleRate="PT3M" />
        <PerformanceCounterConfiguration counterSpecifier="\ASP.NET\Requests Rejected" sampleRate="PT3M" />
        <PerformanceCounterConfiguration counterSpecifier="\Processor(_Total)\% Processor Time" sampleRate="PT3M" />
      </PerformanceCounters>
    </DiagnosticMonitorConfiguration>
  </WadCfg>
  <StorageAccount>devstoreaccount1</StorageAccount>
</PublicConfig>
DiagnosticsPlugin.exe Information: 0 : [11/21/2015 1:40:53 AM] Private setting is loaded
DiagnosticsPlugin.exe Information: 0 : [11/21/2015 1:40:53 AM] Successfully created checkpoint file C:\Users\akasht\AppData\Local\dftmp\Resources\8d45f3c3-00b3-4801-b3bb-2d1780a94eca\WAD0104\Configuration\Checkpoint.txt
DiagnosticsPlugin.exe Information: 0 : [11/21/2015 1:40:53 AM] Will use local resource directory C:\Users\akasht\AppData\Local\dftmp\Resources\8d45f3c3-00b3-4801-b3bb-2d1780a94eca\WAD0104
DiagnosticsPlugin.exe Information: 0 : [11/21/2015 1:40:53 AM] Will use endpoint https://core.windows.net for storage.
DiagnosticsPlugin.exe Error: 0 : [11/21/2015 1:40:54 AM] Exception in creating the ServerManager; is IIS installed?
 Error:System.UnauthorizedAccessException: Filename: redirection.config
Error: Cannot read configuration file due to insufficient permissions


   at Microsoft.Web.Administration.Interop.IAppHostAdminManager.GetAdminSection(String bstrSectionName, String bstrPath)
   at Microsoft.Web.Administration.Configuration.GetSectionInternal(ConfigurationSection section, String sectionPath, String locationPath)
   at Microsoft.Web.Administration.ServerManager.SitesSectionCreator()
   at Microsoft.Web.Administration.Lazy.Initialize[T](T& target, CreateInstanceDelegate`1 valueFactory)
   at Microsoft.Web.Administration.ServerManager.SitesCollectionCreator()
   at Microsoft.Web.Administration.Lazy.Initialize[T](T& target, CreateInstanceDelegate`1 valueFactory)
   at Microsoft.Azure.Plugins.Plugin.WadConfigProcessor.AddDirectories(EventsType mdsEvents, Directories wadDirectories)
DiagnosticsPlugin.exe Information: 0 : [11/21/2015 1:40:54 AM] Running in emulator mode, crash dumps not enabled
DiagnosticsPlugin.exe Information: 0 : [11/21/2015 1:40:54 AM] In emulator mode and using devstore updating XStoreAccount info, command line args: -LocalPath "C:\Users\akasht\AppData\Local\dftmp\Resources\8d45f3c3-00b3-4801-b3bb-2d1780a94eca\WAD0104"  -ConfigFile "C:\Users\akasht\AppData\Local\dftmp\Resources\8d45f3c3-00b3-4801-b3bb-2d1780a94eca\WAD0104\Configuration\MaConfig.xml" -ShutDownEvent WADDM-ShutDown-c1b2dd0f7af443b484d70251b2dc866f  -TotalShutDownEvent WADDM-TotalShutDown-c1b2dd0f7af443b484d70251b2dc866f -InitializedEvent WADM-StartUp-c1b2dd0f7af443b484d70251b2dc866f -parent 6404 -events -wadVer1v4 -UseProxyServer -XStoreAccounts WadAccount#true#devstoreaccount1#Eby8vdM02xNOcqFlqUwJPLlmEtlCDXJ1OUzFT50uSRZ6IFsuFq2UVErCz4I6tq/K1SZFPTOtr/KBHBeksoGMGw==#http://127.0.0.1:10002#http://127.0.0.1:10001#http://127.0.0.1:10000
